{"/Users/mpinson/Desktop/red-tetris/src/client/sum.js": {"path":"/Users/mpinson/Desktop/red-tetris/src/client/sum.js","statementMap":{"0":{"start":{"line":2,"column":4},"end":{"line":3,"column":18}},"1":{"start":{"line":3,"column":8},"end":{"line":3,"column":18}},"2":{"start":{"line":4,"column":4},"end":{"line":4,"column":17}},"3":{"start":{"line":6,"column":0},"end":{"line":6,"column":21}}},"fnMap":{"0":{"name":"sum","decl":{"start":{"line":1,"column":9},"end":{"line":1,"column":12}},"loc":{"start":{"line":1,"column":19},"end":{"line":5,"column":1}},"line":1}},"branchMap":{"0":{"loc":{"start":{"line":2,"column":4},"end":{"line":3,"column":18}},"type":"if","locations":[{"start":{"line":2,"column":4},"end":{"line":3,"column":18}},{"start":{"line":2,"column":4},"end":{"line":3,"column":18}}],"line":2}},"s":{"0":2,"1":1,"2":1,"3":1},"f":{"0":2},"b":{"0":[1,1]},"_coverageSchema":"43e27e138ebf9cfc5966b082cf9a028302ed4184","hash":"04cf203771c6bcc93dd4ca7bafa4594ec101c248"}
}
